

Version:	3.50
CmdLine:	C:\Users\tagax\OneDrive\Documentos\NetBeansProjects\sistemaVentasAnt\src\Img\Sistema Ferreteria Adelante.exe --l4j-debug
JNI:		No
WOW64:		Yes
Working dir:	C:\Users\tagax\OneDrive\Documentos\NetBeansProjects\sistemaVentasAnt\src\Img\.
Requires JDK:	No
Requires 64-Bit: No
Java min ver:	
Java max ver:	
JRE paths:	C:\Program Files\Java\jre1.8.0_202
Check launcher:	C:\Program Files\Java\jre1.8.0_202\bin\javaw.exe (OK)
Version string: 1.008.000_202 / 64-Bit (OK)
Launcher:	C:\Program Files\Java\jre1.8.0_202\bin\javaw.exe
Launcher args:	-jar "C:\Users\tagax\OneDrive\Documentos\NetBeansProjects\sistemaVentasAnt\src\Img\Sistema Ferreteria Adelante.exe"
Args length:	115/32768 chars
Exit code:	0


Version:	3.50
CmdLine:	C:\Users\tagax\OneDrive\Documentos\NetBeansProjects\sistemaVentasAnt\src\Img\Sistema Ferreteria Adelante.exe --l4j-debug
JNI:		No
WOW64:		Yes
Working dir:	C:\Users\tagax\OneDrive\Documentos\NetBeansProjects\sistemaVentasAnt\src\Img\.
Requires JDK:	No
Requires 64-Bit: No
Java min ver:	
Java max ver:	
JRE paths:	C:\Program Files\Java\jre1.8.0_202
Check launcher:	C:\Program Files\Java\jre1.8.0_202\bin\javaw.exe (OK)
Version string: 1.008.000_202 / 64-Bit (OK)
Launcher:	C:\Program Files\Java\jre1.8.0_202\bin\javaw.exe
Launcher args:	-jar "C:\Users\tagax\OneDrive\Documentos\NetBeansProjects\sistemaVentasAnt\src\Img\Sistema Ferreteria Adelante.exe"
Args length:	115/32768 chars
Exit code:	0


Version:	3.50
CmdLine:	C:\Users\tagax\OneDrive\Documentos\NetBeansProjects\sistemaVentasAnt\src\Img\Sistema Ferreteria Adelante.exe --l4j-debug
JNI:		No
WOW64:		Yes
Working dir:	C:\Users\tagax\OneDrive\Documentos\NetBeansProjects\sistemaVentasAnt\src\Img\.
Requires JDK:	No
Requires 64-Bit: No
Java min ver:	
Java max ver:	
JRE paths:	C:\Program Files\Java\jre1.8.0_202
Check launcher:	C:\Program Files\Java\jre1.8.0_202\bin\javaw.exe (OK)
Version string: 1.008.000_202 / 64-Bit (OK)
Launcher:	C:\Program Files\Java\jre1.8.0_202\bin\javaw.exe
Launcher args:	-jar "C:\Users\tagax\OneDrive\Documentos\NetBeansProjects\sistemaVentasAnt\src\Img\Sistema Ferreteria Adelante.exe"
Args length:	115/32768 chars
Exit code:	0


Version:	3.50
CmdLine:	C:\Users\tagax\OneDrive\Documentos\NetBeansProjects\sistemaVentasAnt\src\Img\Sistema Ferreteria Adelante.exe --l4j-debug
JNI:		No
WOW64:		Yes
Working dir:	C:\Users\tagax\OneDrive\Documentos\NetBeansProjects\sistemaVentasAnt\src\Img\.
Requires JDK:	No
Requires 64-Bit: No
Java min ver:	
Java max ver:	
JRE paths:	C:\Program Files\Java\jre1.8.0_202
Check launcher:	C:\Program Files\Java\jre1.8.0_202\bin\javaw.exe (OK)
Version string: 1.008.000_202 / 64-Bit (OK)
Launcher:	C:\Program Files\Java\jre1.8.0_202\bin\javaw.exe
Launcher args:	-jar "C:\Users\tagax\OneDrive\Documentos\NetBeansProjects\sistemaVentasAnt\src\Img\Sistema Ferreteria Adelante.exe"
Args length:	115/32768 chars
Exit code:	0


Version:	3.50
CmdLine:	C:\Users\tagax\OneDrive\Documentos\NetBeansProjects\sistemaVentasAnt\src\Img\Sistema Ferreteria Adelante.exe --l4j-debug
JNI:		No
WOW64:		Yes
Working dir:	C:\Users\tagax\OneDrive\Documentos\NetBeansProjects\sistemaVentasAnt\src\Img\.
Requires JDK:	No
Requires 64-Bit: No
Java min ver:	
Java max ver:	
JRE paths:	C:\Program Files\Java\jre1.8.0_202
Check launcher:	C:\Program Files\Java\jre1.8.0_202\bin\javaw.exe (OK)
Version string: 1.008.000_202 / 64-Bit (OK)
Launcher:	C:\Program Files\Java\jre1.8.0_202\bin\javaw.exe
Launcher args:	-jar "C:\Users\tagax\OneDrive\Documentos\NetBeansProjects\sistemaVentasAnt\src\Img\Sistema Ferreteria Adelante.exe"
Args length:	115/32768 chars
Exit code:	0


Version:	3.50
CmdLine:	C:\Users\tagax\OneDrive\Documentos\NetBeansProjects\sistemaVentasAnt\src\Img\Sistema Ferreteria Adelante.exe --l4j-debug
JNI:		No
WOW64:		Yes
Working dir:	C:\Users\tagax\OneDrive\Documentos\NetBeansProjects\sistemaVentasAnt\src\Img\.
Requires JDK:	No
Requires 64-Bit: No
Java min ver:	1.008.000
Java max ver:	
JRE paths:	jre1.8.0_361
Check launcher:	C:\Users\tagax\OneDrive\Documentos\NetBeansProjects\sistemaVentasAnt\src\Img\jre1.8.0_361\bin\javaw.exe (not found)
64-bit search:	SOFTWARE\JavaSoft\Java Runtime Environment...
Check:		SOFTWARE\JavaSoft\Java Runtime Environment\1.8
Version string: 1.008.000 / 64-Bit (OK)
Check launcher:	C:\Program Files\Java\jre1.8.0_202\bin\javaw.exe (OK)
Match:		1.008.000
Runtime used:	1.008.000 (64-bit)
Launcher:	C:\Program Files\Java\jre1.8.0_202\bin\javaw.exe
Launcher args:	-jar "C:\Users\tagax\OneDrive\Documentos\NetBeansProjects\sistemaVentasAnt\src\Img\Sistema Ferreteria Adelante.exe"
Args length:	115/32768 chars
Exit code:	0
